Using pre-set license
Built from '2020.3/release' branch; Version is '2020.3.12f1 (b3b2c6512326) revision 11776710'; Using compiler version '192528614'; Build Type 'Release'
OS: 'Windows 10 Pro; OS build 19042.1348; Version 2009; 64bit' Language: 'en' Physical Memory: 3970 MB
BatchMode: 1, IsHumanControllingUs: 0, StartBugReporterOnCrash: 0, Is64bit: 1, IsPro: 0

 COMMAND LINE ARGUMENTS:
C:\Program Files\Unity\Hub\Editor\2020.3.12f1\Editor\Unity.exe
-adb2
-batchMode
-noUpm
-name
AssetImportWorker7
-projectPath
D:/Outscal/battle-tank-game
-logFile
Logs/AssetImportWorker7.log
-srvPort
56191
Successfully changed project path to: D:/Outscal/battle-tank-game
D:/Outscal/battle-tank-game
Using Asset Import Pipeline V2.
Refreshing native plugins compatible for Editor in 105.97 ms, found 2 plugins.
Preloading 0 native plugins for Editor in 0.00 ms.
Initialize engine version: 2020.3.12f1 (b3b2c6512326)
[Subsystems] Discovering subsystems at path C:/Program Files/Unity/Hub/Editor/2020.3.12f1/Editor/Data/Resources/UnitySubsystems
[Subsystems] Discovering subsystems at path D:/Outscal/battle-tank-game/Assets
GfxDevice: creating device client; threaded=0
Direct3D:
    Version:  Direct3D 11.0 [level 11.1]
    Renderer: Intel(R) HD Graphics 520 (ID=0x1921)
    Vendor:   
    VRAM:     1985 MB
    Driver:   24.20.100.6286
Initialize mono
Mono path[0] = 'C:/Program Files/Unity/Hub/Editor/2020.3.12f1/Editor/Data/Managed'
Mono path[1] = 'C:/Program Files/Unity/Hub/Editor/2020.3.12f1/Editor/Data/MonoBleedingEdge/lib/mono/unityjit'
Mono config path = 'C:/Program Files/Unity/Hub/Editor/2020.3.12f1/Editor/Data/MonoBleedingEdge/etc'
Using monoOptions --debugger-agent=transport=dt_socket,embedding=1,server=y,suspend=n,address=127.0.0.1:56852
Begin MonoManager ReloadAssembly
Registering precompiled unity dll's ...
Register platform support module: C:/Program Files/Unity/Hub/Editor/2020.3.12f1/Editor/Data/PlaybackEngines/WindowsStandaloneSupport/UnityEditor.WindowsStandalone.Extensions.dll
Registered in 0.004771 seconds.
Native extension for WindowsStandalone target not found
Refreshing native plugins compatible for Editor in 97.81 ms, found 2 plugins.
Preloading 0 native plugins for Editor in 0.00 ms.
Mono: successfully reloaded assembly
- Completed reload, in  4.591 seconds
Platform modules already initialized, skipping
Registering precompiled user dll's ...
Registered in 0.053306 seconds.
Begin MonoManager ReloadAssembly
Native extension for WindowsStandalone target not found
Refreshing native plugins compatible for Editor in 1.08 ms, found 2 plugins.
Preloading 0 native plugins for Editor in 0.00 ms.
Mono: successfully reloaded assembly
- Completed reload, in  4.291 seconds
Platform modules already initialized, skipping
========================================================================
Worker process is ready to serve import requests
Launched and connected shader compiler UnityShaderCompiler.exe after 0.75 seconds
Refreshing native plugins compatible for Editor in 1.14 ms, found 2 plugins.
Preloading 0 native plugins for Editor in 0.00 ms.
Unloading 2177 Unused Serialized files (Serialized files now loaded: 0)
System memory in use before: 91.6 MB.
System memory in use after: 91.7 MB.

Unloading 62 unused Assets to reduce memory usage. Loaded Objects now: 2579.
Total: 11.164200 ms (FindLiveObjects: 0.349300 ms CreateObjectMapping: 0.177800 ms MarkObjects: 10.481300 ms  DeleteObjects: 0.153700 ms)

AssetImportParameters requested are different than current active one (requested -> active):
  custom:framework-win-MediaFoundation: 216162199b28c13a410421893ffa2e32 -> 
  custom:video-decoder-ogg-theora: a1e56fd34408186e4bbccfd4996cb3dc -> 
  custom:container-muxer-webm: aa71ff27fc2769a1b78a27578f13a17b -> 
  custom:container-demuxer-webm: 4f35f7cbe854078d1ac9338744f61a02 -> 
  custom:container-demuxer-ogg: 62fdf1f143b41e24485cea50d1cbac27 -> 
  custom:video-encoder-webm-vp8: eb34c28f22e8b96e1ab97ce403110664 -> 
  custom:video-decoder-webm-vp8: 9c59270c3fd7afecdb556c50c9e8de78 -> 
  custom:audio-decoder-ogg-vorbis: bf7c407c2cedff20999df2af8eb42d56 -> 
  custom:audio-encoder-webm-vorbis: bf7c407c2cedff20999df2af8eb42d56 -> 
========================================================================
Received Import Request.
  path: Assets/Scenes
  artifactKey: Guid(649e5c42226ee47edb6bb4edd6574de2) Importer(815301076,1909f56bfc062723c751e8b465ee728b)
Start importing Assets/Scenes using Guid(649e5c42226ee47edb6bb4edd6574de2) Importer(815301076,1909f56bfc062723c751e8b465ee728b)  -> (artifact id: '2977bc0c295962829650df8fe4a44514') in 0.323622 seconds 
  Import took 0.334009 seconds .

========================================================================
Received Import Request.
  Time since last request: 0.000364 seconds.
  path: Assets/Scripts
  artifactKey: Guid(fd9c214f640fae348958e74eaea6f543) Importer(815301076,1909f56bfc062723c751e8b465ee728b)
Start importing Assets/Scripts using Guid(fd9c214f640fae348958e74eaea6f543) Importer(815301076,1909f56bfc062723c751e8b465ee728b)  -> (artifact id: 'b5c5eedd6e786c2438815b98cae78353') in 0.018562 seconds 
  Import took 0.051267 seconds .

========================================================================
Received Import Request.
  Time since last request: 5437.838021 seconds.
  path: Assets/Editor
  artifactKey: Guid(0336cc9e4e68ca84392077b848decb81) Importer(815301076,1909f56bfc062723c751e8b465ee728b)
Start importing Assets/Editor using Guid(0336cc9e4e68ca84392077b848decb81) Importer(815301076,1909f56bfc062723c751e8b465ee728b)  -> (artifact id: 'e511fb7aac8f24104a0e0488ea1181d9') in 0.787734 seconds 
  Import took 2.917261 seconds .

========================================================================
Received Import Request.
  Time since last request: 2550.868556 seconds.
  path: Assets/AudioClips
  artifactKey: Guid(0df7b64f0e702f14897580a356feae92) Importer(815301076,1909f56bfc062723c751e8b465ee728b)
Start importing Assets/AudioClips using Guid(0df7b64f0e702f14897580a356feae92) Importer(815301076,1909f56bfc062723c751e8b465ee728b)  -> (artifact id: 'ab7e2ea8d7ddf64aedd0c99b343858c9') in 0.505159 seconds 
  Import took 0.809797 seconds .

========================================================================
Received Prepare
Registering precompiled user dll's ...
Registered in 0.688574 seconds.
Begin MonoManager ReloadAssembly
Native extension for WindowsStandalone target not found
Refreshing native plugins compatible for Editor in 50.92 ms, found 2 plugins.
Preloading 0 native plugins for Editor in 0.00 ms.
Mono: successfully reloaded assembly
- Completed reload, in 29.865 seconds
Platform modules already initialized, skipping
Refreshing native plugins compatible for Editor in 1.14 ms, found 2 plugins.
Preloading 0 native plugins for Editor in 0.00 ms.
Unloading 2152 Unused Serialized files (Serialized files now loaded: 0)
System memory in use before: 89.6 MB.
System memory in use after: 89.8 MB.

Unloading 53 unused Assets to reduce memory usage. Loaded Objects now: 2582.
Total: 154.387700 ms (FindLiveObjects: 4.500700 ms CreateObjectMapping: 0.225400 ms MarkObjects: 144.312600 ms  DeleteObjects: 5.346000 ms)

AssetImportParameters requested are different than current active one (requested -> active):
  custom:framework-win-MediaFoundation: 216162199b28c13a410421893ffa2e32 -> 
  custom:video-decoder-ogg-theora: a1e56fd34408186e4bbccfd4996cb3dc -> 
  custom:container-muxer-webm: aa71ff27fc2769a1b78a27578f13a17b -> 
  custom:container-demuxer-webm: 4f35f7cbe854078d1ac9338744f61a02 -> 
  custom:container-demuxer-ogg: 62fdf1f143b41e24485cea50d1cbac27 -> 
  custom:video-encoder-webm-vp8: eb34c28f22e8b96e1ab97ce403110664 -> 
  custom:video-decoder-webm-vp8: 9c59270c3fd7afecdb556c50c9e8de78 -> 
  custom:audio-decoder-ogg-vorbis: bf7c407c2cedff20999df2af8eb42d56 -> 
  custom:audio-encoder-webm-vorbis: bf7c407c2cedff20999df2af8eb42d56 -> 
========================================================================
Received Import Request.
  Time since last request: 765.142939 seconds.
  path: Assets/Scripts/NewBehaviourScript.cs
  artifactKey: Guid(06a59f914dd6fa74cb0c233e56c76437) Importer(815301076,1909f56bfc062723c751e8b465ee728b)
Start importing Assets/Scripts/NewBehaviourScript.cs using Guid(06a59f914dd6fa74cb0c233e56c76437) Importer(815301076,1909f56bfc062723c751e8b465ee728b)  -> (artifact id: 'fece923ae69ad26270cd8c9c194abdb8') in 1.604534 seconds 
  Import took 1.912008 seconds .

========================================================================
Received Import Request.
  Time since last request: 0.198788 seconds.
  path: Assets/Sprites
  artifactKey: Guid(78415c8d6452baf4db826588249b5ff4) Importer(815301076,1909f56bfc062723c751e8b465ee728b)
Start importing Assets/Sprites using Guid(78415c8d6452baf4db826588249b5ff4) Importer(815301076,1909f56bfc062723c751e8b465ee728b)  -> (artifact id: '21016d994ec2538f24bfb22965a76c4c') in 0.434103 seconds 
  Import took 0.561030 seconds .

========================================================================
Received Import Request.
  Time since last request: 0.481623 seconds.
  path: Assets/Sprites
  artifactKey: Guid(78415c8d6452baf4db826588249b5ff4) Importer(815301076,1909f56bfc062723c751e8b465ee728b)
Start importing Assets/Sprites using Guid(78415c8d6452baf4db826588249b5ff4) Importer(815301076,1909f56bfc062723c751e8b465ee728b)  -> (artifact id: '21016d994ec2538f24bfb22965a76c4c') in 0.019939 seconds 
  Import took 0.028679 seconds .

========================================================================
Received Prepare
Registering precompiled user dll's ...
Registered in 0.009428 seconds.
Begin MonoManager ReloadAssembly
Native extension for WindowsStandalone target not found
Refreshing native plugins compatible for Editor in 1.22 ms, found 2 plugins.
Preloading 0 native plugins for Editor in 0.00 ms.
Mono: successfully reloaded assembly
- Completed reload, in  2.305 seconds
Platform modules already initialized, skipping
Refreshing native plugins compatible for Editor in 1.07 ms, found 2 plugins.
Preloading 0 native plugins for Editor in 0.00 ms.
Unloading 2152 Unused Serialized files (Serialized files now loaded: 0)
System memory in use before: 89.7 MB.
System memory in use after: 89.8 MB.

Unloading 53 unused Assets to reduce memory usage. Loaded Objects now: 2585.
Total: 9.977300 ms (FindLiveObjects: 0.337700 ms CreateObjectMapping: 0.153100 ms MarkObjects: 9.426000 ms  DeleteObjects: 0.058300 ms)

AssetImportParameters requested are different than current active one (requested -> active):
  custom:framework-win-MediaFoundation: 216162199b28c13a410421893ffa2e32 -> 
  custom:video-decoder-ogg-theora: a1e56fd34408186e4bbccfd4996cb3dc -> 
  custom:container-muxer-webm: aa71ff27fc2769a1b78a27578f13a17b -> 
  custom:container-demuxer-webm: 4f35f7cbe854078d1ac9338744f61a02 -> 
  custom:container-demuxer-ogg: 62fdf1f143b41e24485cea50d1cbac27 -> 
  custom:video-encoder-webm-vp8: eb34c28f22e8b96e1ab97ce403110664 -> 
  custom:video-decoder-webm-vp8: 9c59270c3fd7afecdb556c50c9e8de78 -> 
  custom:audio-decoder-ogg-vorbis: bf7c407c2cedff20999df2af8eb42d56 -> 
  custom:audio-encoder-webm-vorbis: bf7c407c2cedff20999df2af8eb42d56 -> 
========================================================================
Received Import Request.
  Time since last request: 492.726742 seconds.
  path: Assets/Scripts/Singleton
  artifactKey: Guid(64cb0245bc50b244e8157ea347c28a51) Importer(815301076,1909f56bfc062723c751e8b465ee728b)
Start importing Assets/Scripts/Singleton using Guid(64cb0245bc50b244e8157ea347c28a51) Importer(815301076,1909f56bfc062723c751e8b465ee728b)  -> (artifact id: '149309dc4c755eaa1ab47dd37cb40e6d') in 1.400845 seconds 
  Import took 1.697982 seconds .

========================================================================
Received Import Request.
  Time since last request: 43.338336 seconds.
  path: Assets/Scripts/Singleton/MonoSingletonGeneric.cs
  artifactKey: Guid(9c5cb59ec9b30564ea0fb6bde778777f) Importer(815301076,1909f56bfc062723c751e8b465ee728b)
Start importing Assets/Scripts/Singleton/MonoSingletonGeneric.cs using Guid(9c5cb59ec9b30564ea0fb6bde778777f) Importer(815301076,1909f56bfc062723c751e8b465ee728b)  -> (artifact id: 'c2457a78dd8e05a8c9bdef769e8fb6f8') in 2.397098 seconds 
  Import took 3.693898 seconds .

========================================================================
Received Prepare
Registering precompiled user dll's ...
Registered in 0.180323 seconds.
Begin MonoManager ReloadAssembly
Native extension for WindowsStandalone target not found
Refreshing native plugins compatible for Editor in 1.35 ms, found 2 plugins.
Preloading 0 native plugins for Editor in 0.00 ms.
Mono: successfully reloaded assembly
- Completed reload, in  8.283 seconds
Platform modules already initialized, skipping
Refreshing native plugins compatible for Editor in 1.09 ms, found 2 plugins.
Preloading 0 native plugins for Editor in 0.00 ms.
Unloading 2153 Unused Serialized files (Serialized files now loaded: 0)
System memory in use before: 89.7 MB.
System memory in use after: 89.9 MB.

Unloading 53 unused Assets to reduce memory usage. Loaded Objects now: 2589.
Total: 119.488200 ms (FindLiveObjects: 16.116000 ms CreateObjectMapping: 0.290500 ms MarkObjects: 102.991800 ms  DeleteObjects: 0.085200 ms)

AssetImportParameters requested are different than current active one (requested -> active):
  custom:framework-win-MediaFoundation: 216162199b28c13a410421893ffa2e32 -> 
  custom:video-decoder-ogg-theora: a1e56fd34408186e4bbccfd4996cb3dc -> 
  custom:container-muxer-webm: aa71ff27fc2769a1b78a27578f13a17b -> 
  custom:container-demuxer-webm: 4f35f7cbe854078d1ac9338744f61a02 -> 
  custom:container-demuxer-ogg: 62fdf1f143b41e24485cea50d1cbac27 -> 
  custom:video-encoder-webm-vp8: eb34c28f22e8b96e1ab97ce403110664 -> 
  custom:video-decoder-webm-vp8: 9c59270c3fd7afecdb556c50c9e8de78 -> 
  custom:audio-decoder-ogg-vorbis: bf7c407c2cedff20999df2af8eb42d56 -> 
  custom:audio-encoder-webm-vorbis: bf7c407c2cedff20999df2af8eb42d56 -> 
========================================================================
Received Prepare
Registering precompiled user dll's ...
Registered in 0.314703 seconds.
Begin MonoManager ReloadAssembly
Native extension for WindowsStandalone target not found
Refreshing native plugins compatible for Editor in 1.94 ms, found 2 plugins.
Preloading 0 native plugins for Editor in 0.00 ms.
Mono: successfully reloaded assembly
- Completed reload, in  3.552 seconds
Platform modules already initialized, skipping
Refreshing native plugins compatible for Editor in 1.12 ms, found 2 plugins.
Preloading 0 native plugins for Editor in 0.00 ms.
Unloading 2153 Unused Serialized files (Serialized files now loaded: 0)
System memory in use before: 89.8 MB.
System memory in use after: 89.9 MB.

Unloading 53 unused Assets to reduce memory usage. Loaded Objects now: 2592.
Total: 10.452500 ms (FindLiveObjects: 0.301400 ms CreateObjectMapping: 0.129300 ms MarkObjects: 9.864800 ms  DeleteObjects: 0.152200 ms)

AssetImportParameters requested are different than current active one (requested -> active):
  custom:framework-win-MediaFoundation: 216162199b28c13a410421893ffa2e32 -> 
  custom:video-decoder-ogg-theora: a1e56fd34408186e4bbccfd4996cb3dc -> 
  custom:container-muxer-webm: aa71ff27fc2769a1b78a27578f13a17b -> 
  custom:container-demuxer-webm: 4f35f7cbe854078d1ac9338744f61a02 -> 
  custom:container-demuxer-ogg: 62fdf1f143b41e24485cea50d1cbac27 -> 
  custom:video-encoder-webm-vp8: eb34c28f22e8b96e1ab97ce403110664 -> 
  custom:video-decoder-webm-vp8: 9c59270c3fd7afecdb556c50c9e8de78 -> 
  custom:audio-decoder-ogg-vorbis: bf7c407c2cedff20999df2af8eb42d56 -> 
  custom:audio-encoder-webm-vorbis: bf7c407c2cedff20999df2af8eb42d56 -> 
========================================================================
Received Import Request.
  Time since last request: 772.730128 seconds.
  path: Assets/Scripts/Singleton/MonoSingletonGeneric.cs
  artifactKey: Guid(9c5cb59ec9b30564ea0fb6bde778777f) Importer(815301076,1909f56bfc062723c751e8b465ee728b)
Start importing Assets/Scripts/Singleton/MonoSingletonGeneric.cs using Guid(9c5cb59ec9b30564ea0fb6bde778777f) Importer(815301076,1909f56bfc062723c751e8b465ee728b)  -> (artifact id: '5edff851f3ae50c466314e020fd5d72b') in 0.257334 seconds 
  Import took 0.436383 seconds .

========================================================================
Received Prepare
Registering precompiled user dll's ...
Registered in 0.031048 seconds.
Begin MonoManager ReloadAssembly
Native extension for WindowsStandalone target not found
Refreshing native plugins compatible for Editor in 1.26 ms, found 2 plugins.
Preloading 0 native plugins for Editor in 0.00 ms.
Mono: successfully reloaded assembly
- Completed reload, in  2.467 seconds
Platform modules already initialized, skipping
Refreshing native plugins compatible for Editor in 1.18 ms, found 2 plugins.
Preloading 0 native plugins for Editor in 0.00 ms.
Unloading 2153 Unused Serialized files (Serialized files now loaded: 0)
System memory in use before: 89.8 MB.
System memory in use after: 89.9 MB.

Unloading 53 unused Assets to reduce memory usage. Loaded Objects now: 2595.
Total: 10.541500 ms (FindLiveObjects: 0.280200 ms CreateObjectMapping: 0.145800 ms MarkObjects: 10.056700 ms  DeleteObjects: 0.057000 ms)

AssetImportParameters requested are different than current active one (requested -> active):
  custom:framework-win-MediaFoundation: 216162199b28c13a410421893ffa2e32 -> 
  custom:video-decoder-ogg-theora: a1e56fd34408186e4bbccfd4996cb3dc -> 
  custom:container-muxer-webm: aa71ff27fc2769a1b78a27578f13a17b -> 
  custom:container-demuxer-webm: 4f35f7cbe854078d1ac9338744f61a02 -> 
  custom:container-demuxer-ogg: 62fdf1f143b41e24485cea50d1cbac27 -> 
  custom:video-encoder-webm-vp8: eb34c28f22e8b96e1ab97ce403110664 -> 
  custom:video-decoder-webm-vp8: 9c59270c3fd7afecdb556c50c9e8de78 -> 
  custom:audio-decoder-ogg-vorbis: bf7c407c2cedff20999df2af8eb42d56 -> 
  custom:audio-encoder-webm-vorbis: bf7c407c2cedff20999df2af8eb42d56 -> 
========================================================================
Received Import Request.
  Time since last request: 38.679614 seconds.
  path: Assets/Scripts/Singleton/MonoSingletonGeneric.cs
  artifactKey: Guid(9c5cb59ec9b30564ea0fb6bde778777f) Importer(815301076,1909f56bfc062723c751e8b465ee728b)
Start importing Assets/Scripts/Singleton/MonoSingletonGeneric.cs using Guid(9c5cb59ec9b30564ea0fb6bde778777f) Importer(815301076,1909f56bfc062723c751e8b465ee728b)  -> (artifact id: '3bd0ebd0f6e4d3a79864446e1f46d785') in 0.009489 seconds 
  Import took 0.059940 seconds .

